2025-06-22T12:18:19.258+05:30  INFO 15728 --- [EUREKA_SERVER] [main] c.e.e.EurekaServerApplication            : Starting EurekaServerApplication using Java 24 with PID 15728 (D:\SB\Microservice\Ordering_System\eureka-server\eureka-server\target\classes started by admin_sirius in D:\SB\Microservice\Ordering_System\eureka-server\eureka-server)
2025-06-22T12:18:19.268+05:30 DEBUG 15728 --- [EUREKA_SERVER] [main] c.e.e.EurekaServerApplication            : Running with Spring Boot v3.5.0, Spring v6.2.7
2025-06-22T12:18:19.270+05:30  INFO 15728 --- [EUREKA_SERVER] [main] c.e.e.EurekaServerApplication            : No active profile set, falling back to 1 default profile: "default"
2025-06-22T12:18:21.443+05:30  INFO 15728 --- [EUREKA_SERVER] [main] o.s.cloud.context.scope.GenericScope     : BeanFactory id=466c9d9a-5447-3185-92dd-c126b285e2ee
2025-06-22T12:18:22.122+05:30  INFO 15728 --- [EUREKA_SERVER] [main] o.s.b.w.embedded.tomcat.TomcatWebServer  : Tomcat initialized with port 8761 (http)
2025-06-22T12:18:22.146+05:30  INFO 15728 --- [EUREKA_SERVER] [main] o.apache.catalina.core.StandardService   : Starting service [Tomcat]
2025-06-22T12:18:22.147+05:30  INFO 15728 --- [EUREKA_SERVER] [main] o.apache.catalina.core.StandardEngine    : Starting Servlet engine: [Apache Tomcat/10.1.41]
2025-06-22T12:18:22.256+05:30  INFO 15728 --- [EUREKA_SERVER] [main] o.a.c.c.C.[Tomcat].[localhost].[/]       : Initializing Spring embedded WebApplicationContext
2025-06-22T12:18:22.257+05:30  INFO 15728 --- [EUREKA_SERVER] [main] w.s.c.ServletWebServerApplicationContext : Root WebApplicationContext: initialization completed in 2884 ms
2025-06-22T12:18:23.058+05:30 DEBUG 15728 --- [EUREKA_SERVER] [main] .c.n.e.s.EurekaServerAutoConfiguration$1 : Filter 'eurekaVersionFilterRegistration' configured for use
2025-06-22T12:18:23.923+05:30  INFO 15728 --- [EUREKA_SERVER] [main] c.n.d.provider.DiscoveryJerseyProvider   : Using JSON encoding codec LegacyJacksonJson
2025-06-22T12:18:23.926+05:30  INFO 15728 --- [EUREKA_SERVER] [main] c.n.d.provider.DiscoveryJerseyProvider   : Using JSON decoding codec LegacyJacksonJson
2025-06-22T12:18:24.395+05:30  INFO 15728 --- [EUREKA_SERVER] [main] c.n.d.provider.DiscoveryJerseyProvider   : Using XML encoding codec XStreamXml
2025-06-22T12:18:24.396+05:30  INFO 15728 --- [EUREKA_SERVER] [main] c.n.d.provider.DiscoveryJerseyProvider   : Using XML decoding codec XStreamXml
2025-06-22T12:18:24.756+05:30  INFO 15728 --- [EUREKA_SERVER] [main] o.s.v.b.OptionalValidatorFactoryBean     : Failed to set up a Bean Validation provider: jakarta.validation.NoProviderFoundException: Unable to create a Configuration, because no Jakarta Bean Validation provider could be found. Add a provider like Hibernate Validator (RI) to your classpath.
2025-06-22T12:18:25.382+05:30 DEBUG 15728 --- [EUREKA_SERVER] [main] .n.e.m.DefaultManagementMetadataProvider : Constructed eureka meta-data healthcheckUrl: http://DESKTOP-LA2D2ND.mshome.net:8761/actuator/health
2025-06-22T12:18:25.383+05:30 DEBUG 15728 --- [EUREKA_SERVER] [main] .n.e.m.DefaultManagementMetadataProvider : Constructed eureka meta-data statusPageUrl: http://DESKTOP-LA2D2ND.mshome.net:8761/actuator/info
2025-06-22T12:18:26.127+05:30  WARN 15728 --- [EUREKA_SERVER] [main] iguration$LoadBalancerCaffeineWarnLogger : Spring Cloud LoadBalancer is currently working with the default cache. While this cache implementation is useful for development and tests, it's recommended to use Caffeine cache in production.You can switch to using Caffeine cache, by adding it and org.springframework.cache.caffeine.CaffeineCacheManager to the classpath.
2025-06-22T12:18:26.171+05:30  INFO 15728 --- [EUREKA_SERVER] [main] o.s.c.n.eureka.InstanceInfoFactory       : Setting initial instance status as: STARTING
2025-06-22T12:18:26.213+05:30  INFO 15728 --- [EUREKA_SERVER] [main] com.netflix.discovery.DiscoveryClient    : Initializing Eureka in region us-east-1
2025-06-22T12:18:26.213+05:30  INFO 15728 --- [EUREKA_SERVER] [main] com.netflix.discovery.DiscoveryClient    : Client configured to neither register nor query for data.
2025-06-22T12:18:26.217+05:30  INFO 15728 --- [EUREKA_SERVER] [main] com.netflix.discovery.DiscoveryClient    : Discovery Client initialized at timestamp 1750574906215 with initial instances count: 0
2025-06-22T12:18:26.303+05:30  INFO 15728 --- [EUREKA_SERVER] [main] c.n.eureka.DefaultEurekaServerContext    : Initializing ...
2025-06-22T12:18:26.307+05:30 DEBUG 15728 --- [EUREKA_SERVER] [main] c.n.discovery.endpoint.EndpointUtils     : The availability zone for the given region us-east-1 are [defaultZone]
2025-06-22T12:18:26.308+05:30  INFO 15728 --- [EUREKA_SERVER] [main] c.n.eureka.cluster.PeerEurekaNodes       : Adding new peer nodes [http://localhost:8761/eureka/]
2025-06-22T12:18:26.545+05:30  INFO 15728 --- [EUREKA_SERVER] [main] c.n.d.provider.DiscoveryJerseyProvider   : Using JSON encoding codec LegacyJacksonJson
2025-06-22T12:18:26.545+05:30  INFO 15728 --- [EUREKA_SERVER] [main] c.n.d.provider.DiscoveryJerseyProvider   : Using JSON decoding codec LegacyJacksonJson
2025-06-22T12:18:26.545+05:30  INFO 15728 --- [EUREKA_SERVER] [main] c.n.d.provider.DiscoveryJerseyProvider   : Using XML encoding codec XStreamXml
2025-06-22T12:18:26.545+05:30  INFO 15728 --- [EUREKA_SERVER] [main] c.n.d.provider.DiscoveryJerseyProvider   : Using XML decoding codec XStreamXml
2025-06-22T12:18:26.599+05:30  INFO 15728 --- [EUREKA_SERVER] [main] c.n.eureka.cluster.PeerEurekaNodes       : Replica node URL:  http://localhost:8761/eureka/
2025-06-22T12:18:26.612+05:30  INFO 15728 --- [EUREKA_SERVER] [main] c.n.e.registry.AbstractInstanceRegistry  : Finished initializing remote region registries. All known remote regions: []
2025-06-22T12:18:26.613+05:30  INFO 15728 --- [EUREKA_SERVER] [main] c.n.eureka.DefaultEurekaServerContext    : Initialized
2025-06-22T12:18:26.627+05:30  INFO 15728 --- [EUREKA_SERVER] [main] o.s.b.a.e.web.EndpointLinksResolver      : Exposing 1 endpoint beneath base path '/actuator'
2025-06-22T12:18:26.717+05:30  INFO 15728 --- [EUREKA_SERVER] [main] o.s.c.n.e.s.EurekaServiceRegistry        : Registering application EUREKA_SERVER with eureka with status UP
2025-06-22T12:18:26.733+05:30  INFO 15728 --- [EUREKA_SERVER] [Thread-9] o.s.c.n.e.server.EurekaServerBootstrap   : isAws returned false
2025-06-22T12:18:26.733+05:30  INFO 15728 --- [EUREKA_SERVER] [Thread-9] o.s.c.n.e.server.EurekaServerBootstrap   : Initialized server context
2025-06-22T12:18:26.733+05:30  INFO 15728 --- [EUREKA_SERVER] [Thread-9] c.n.e.r.PeerAwareInstanceRegistryImpl    : Got 1 instances from neighboring DS node
2025-06-22T12:18:26.733+05:30  INFO 15728 --- [EUREKA_SERVER] [Thread-9] c.n.e.r.PeerAwareInstanceRegistryImpl    : Renew threshold is: 1
2025-06-22T12:18:26.734+05:30  INFO 15728 --- [EUREKA_SERVER] [Thread-9] c.n.e.r.PeerAwareInstanceRegistryImpl    : Changing status to UP
2025-06-22T12:18:26.736+05:30  INFO 15728 --- [EUREKA_SERVER] [Thread-9] e.s.EurekaServerInitializerConfiguration : Started Eureka Server
2025-06-22T12:18:26.747+05:30  INFO 15728 --- [EUREKA_SERVER] [main] o.s.b.w.embedded.tomcat.TomcatWebServer  : Tomcat started on port 8761 (http) with context path '/'
2025-06-22T12:18:26.748+05:30  INFO 15728 --- [EUREKA_SERVER] [main] .s.c.n.e.s.EurekaAutoServiceRegistration : Updating port to 8761
2025-06-22T12:18:26.791+05:30  INFO 15728 --- [EUREKA_SERVER] [main] c.e.e.EurekaServerApplication            : Started EurekaServerApplication in 8.541 seconds (process running for 18.514)
2025-06-22T12:18:32.949+05:30  INFO 15728 --- [EUREKA_SERVER] [http-nio-8761-exec-2] o.a.c.c.C.[Tomcat].[localhost].[/]       : Initializing Spring DispatcherServlet 'dispatcherServlet'
2025-06-22T12:18:32.950+05:30  INFO 15728 --- [EUREKA_SERVER] [http-nio-8761-exec-2] o.s.web.servlet.DispatcherServlet        : Initializing Servlet 'dispatcherServlet'
2025-06-22T12:18:32.951+05:30  INFO 15728 --- [EUREKA_SERVER] [http-nio-8761-exec-2] o.s.web.servlet.DispatcherServlet        : Completed initialization in 1 ms
2025-06-22T12:18:33.373+05:30 DEBUG 15728 --- [EUREKA_SERVER] [http-nio-8761-exec-1] c.n.d.util.DeserializerStringCache       : clearing global-level cache with size 2
2025-06-22T12:18:33.373+05:30 DEBUG 15728 --- [EUREKA_SERVER] [http-nio-8761-exec-1] c.n.d.util.DeserializerStringCache       : clearing app-level serialization cache with size 9
2025-06-22T12:18:33.388+05:30  INFO 15728 --- [EUREKA_SERVER] [http-nio-8761-exec-1] c.n.e.registry.AbstractInstanceRegistry  : Registered instance ORDER-SERVICE/DESKTOP-LA2D2ND.mshome.net:ORDER-SERVICE:8081 with status UP (replication=false)
2025-06-22T12:18:33.392+05:30 DEBUG 15728 --- [EUREKA_SERVER] [http-nio-8761-exec-1] o.s.c.n.eureka.server.InstanceRegistry   : registered ORDER-SERVICE, vip ORDER-SERVICE, leaseDuration 90, isReplication false
2025-06-22T12:18:34.054+05:30 DEBUG 15728 --- [EUREKA_SERVER] [http-nio-8761-exec-3] c.n.d.util.DeserializerStringCache       : clearing global-level cache with size 1
2025-06-22T12:18:34.055+05:30 DEBUG 15728 --- [EUREKA_SERVER] [http-nio-8761-exec-3] c.n.d.util.DeserializerStringCache       : clearing app-level serialization cache with size 9
2025-06-22T12:18:34.057+05:30  INFO 15728 --- [EUREKA_SERVER] [http-nio-8761-exec-3] c.n.e.registry.AbstractInstanceRegistry  : Registered instance ORDER-SERVICE/DESKTOP-LA2D2ND.mshome.net:ORDER-SERVICE:8081 with status UP (replication=true)
2025-06-22T12:18:34.057+05:30 DEBUG 15728 --- [EUREKA_SERVER] [http-nio-8761-exec-3] o.s.c.n.eureka.server.InstanceRegistry   : registered ORDER-SERVICE, vip ORDER-SERVICE, leaseDuration 90, isReplication true
2025-06-22T12:18:34.075+05:30 DEBUG 15728 --- [EUREKA_SERVER] [TaskBatchingWorker-target_localhost-1] c.n.d.util.DeserializerStringCache       : clearing global-level cache with size 0
2025-06-22T12:18:34.075+05:30 DEBUG 15728 --- [EUREKA_SERVER] [TaskBatchingWorker-target_localhost-1] c.n.d.util.DeserializerStringCache       : clearing app-level serialization cache with size 0
2025-06-22T12:19:03.210+05:30 DEBUG 15728 --- [EUREKA_SERVER] [http-nio-8761-exec-5] o.s.c.n.eureka.server.InstanceRegistry   : renewed ORDER-SERVICE, serverId DESKTOP-LA2D2ND.mshome.net:ORDER-SERVICE:8081, isReplication false
2025-06-22T12:19:03.723+05:30 DEBUG 15728 --- [EUREKA_SERVER] [http-nio-8761-exec-6] c.n.d.util.DeserializerStringCache       : clearing global-level cache with size 0
2025-06-22T12:19:03.724+05:30 DEBUG 15728 --- [EUREKA_SERVER] [http-nio-8761-exec-6] c.n.d.util.DeserializerStringCache       : clearing app-level serialization cache with size 0
2025-06-22T12:19:03.724+05:30 DEBUG 15728 --- [EUREKA_SERVER] [http-nio-8761-exec-6] o.s.c.n.eureka.server.InstanceRegistry   : renewed ORDER-SERVICE, serverId DESKTOP-LA2D2ND.mshome.net:ORDER-SERVICE:8081, isReplication true
2025-06-22T12:19:03.731+05:30 DEBUG 15728 --- [EUREKA_SERVER] [TaskBatchingWorker-target_localhost-1] c.n.d.util.DeserializerStringCache       : clearing global-level cache with size 0
2025-06-22T12:19:03.748+05:30 DEBUG 15728 --- [EUREKA_SERVER] [TaskBatchingWorker-target_localhost-1] c.n.d.util.DeserializerStringCache       : clearing app-level serialization cache with size 0
2025-06-22T12:19:26.735+05:30  INFO 15728 --- [EUREKA_SERVER] [Eureka-EvictionTimer] c.n.e.registry.AbstractInstanceRegistry  : Running the evict task with compensationTime 0ms
2025-06-22T12:19:33.224+05:30 DEBUG 15728 --- [EUREKA_SERVER] [http-nio-8761-exec-7] o.s.c.n.eureka.server.InstanceRegistry   : renewed ORDER-SERVICE, serverId DESKTOP-LA2D2ND.mshome.net:ORDER-SERVICE:8081, isReplication false
2025-06-22T12:19:33.734+05:30 DEBUG 15728 --- [EUREKA_SERVER] [http-nio-8761-exec-9] c.n.d.util.DeserializerStringCache       : clearing global-level cache with size 0
2025-06-22T12:19:33.735+05:30 DEBUG 15728 --- [EUREKA_SERVER] [http-nio-8761-exec-9] c.n.d.util.DeserializerStringCache       : clearing app-level serialization cache with size 0
2025-06-22T12:19:33.735+05:30 DEBUG 15728 --- [EUREKA_SERVER] [http-nio-8761-exec-9] o.s.c.n.eureka.server.InstanceRegistry   : renewed ORDER-SERVICE, serverId DESKTOP-LA2D2ND.mshome.net:ORDER-SERVICE:8081, isReplication true
2025-06-22T12:19:33.738+05:30 DEBUG 15728 --- [EUREKA_SERVER] [TaskBatchingWorker-target_localhost-1] c.n.d.util.DeserializerStringCache       : clearing global-level cache with size 0
2025-06-22T12:19:33.738+05:30 DEBUG 15728 --- [EUREKA_SERVER] [TaskBatchingWorker-target_localhost-1] c.n.d.util.DeserializerStringCache       : clearing app-level serialization cache with size 0
2025-06-22T12:19:43.449+05:30 DEBUG 15728 --- [EUREKA_SERVER] [http-nio-8761-exec-2] c.n.d.util.DeserializerStringCache       : clearing global-level cache with size 2
2025-06-22T12:19:43.450+05:30 DEBUG 15728 --- [EUREKA_SERVER] [http-nio-8761-exec-2] c.n.d.util.DeserializerStringCache       : clearing app-level serialization cache with size 9
2025-06-22T12:19:43.451+05:30  INFO 15728 --- [EUREKA_SERVER] [http-nio-8761-exec-2] c.n.e.registry.AbstractInstanceRegistry  : Registered instance INVENTORY-SERVICE/DESKTOP-LA2D2ND.mshome.net:INVENTORY-SERVICE:8083 with status UP (replication=false)
2025-06-22T12:19:43.452+05:30 DEBUG 15728 --- [EUREKA_SERVER] [http-nio-8761-exec-2] o.s.c.n.eureka.server.InstanceRegistry   : registered INVENTORY-SERVICE, vip INVENTORY-SERVICE, leaseDuration 90, isReplication false
2025-06-22T12:19:43.970+05:30 DEBUG 15728 --- [EUREKA_SERVER] [http-nio-8761-exec-1] c.n.d.util.DeserializerStringCache       : clearing global-level cache with size 1
2025-06-22T12:19:43.970+05:30 DEBUG 15728 --- [EUREKA_SERVER] [http-nio-8761-exec-1] c.n.d.util.DeserializerStringCache       : clearing app-level serialization cache with size 9
2025-06-22T12:19:43.971+05:30  INFO 15728 --- [EUREKA_SERVER] [http-nio-8761-exec-1] c.n.e.registry.AbstractInstanceRegistry  : Registered instance INVENTORY-SERVICE/DESKTOP-LA2D2ND.mshome.net:INVENTORY-SERVICE:8083 with status UP (replication=true)
2025-06-22T12:19:43.971+05:30 DEBUG 15728 --- [EUREKA_SERVER] [http-nio-8761-exec-1] o.s.c.n.eureka.server.InstanceRegistry   : registered INVENTORY-SERVICE, vip INVENTORY-SERVICE, leaseDuration 90, isReplication true
2025-06-22T12:19:43.976+05:30 DEBUG 15728 --- [EUREKA_SERVER] [TaskBatchingWorker-target_localhost-2] c.n.d.util.DeserializerStringCache       : clearing global-level cache with size 0
2025-06-22T12:19:43.976+05:30 DEBUG 15728 --- [EUREKA_SERVER] [TaskBatchingWorker-target_localhost-2] c.n.d.util.DeserializerStringCache       : clearing app-level serialization cache with size 0
2025-06-22T12:20:03.237+05:30 DEBUG 15728 --- [EUREKA_SERVER] [http-nio-8761-exec-3] o.s.c.n.eureka.server.InstanceRegistry   : renewed ORDER-SERVICE, serverId DESKTOP-LA2D2ND.mshome.net:ORDER-SERVICE:8081, isReplication false
2025-06-22T12:20:03.750+05:30 DEBUG 15728 --- [EUREKA_SERVER] [http-nio-8761-exec-5] c.n.d.util.DeserializerStringCache       : clearing global-level cache with size 0
2025-06-22T12:20:03.751+05:30 DEBUG 15728 --- [EUREKA_SERVER] [http-nio-8761-exec-5] c.n.d.util.DeserializerStringCache       : clearing app-level serialization cache with size 0
2025-06-22T12:20:03.751+05:30 DEBUG 15728 --- [EUREKA_SERVER] [http-nio-8761-exec-5] o.s.c.n.eureka.server.InstanceRegistry   : renewed ORDER-SERVICE, serverId DESKTOP-LA2D2ND.mshome.net:ORDER-SERVICE:8081, isReplication true
2025-06-22T12:20:03.753+05:30 DEBUG 15728 --- [EUREKA_SERVER] [TaskBatchingWorker-target_localhost-12] c.n.d.util.DeserializerStringCache       : clearing global-level cache with size 0
2025-06-22T12:20:03.754+05:30 DEBUG 15728 --- [EUREKA_SERVER] [TaskBatchingWorker-target_localhost-12] c.n.d.util.DeserializerStringCache       : clearing app-level serialization cache with size 0
2025-06-22T12:20:13.341+05:30 DEBUG 15728 --- [EUREKA_SERVER] [http-nio-8761-exec-7] o.s.c.n.eureka.server.InstanceRegistry   : renewed INVENTORY-SERVICE, serverId DESKTOP-LA2D2ND.mshome.net:INVENTORY-SERVICE:8083, isReplication false
2025-06-22T12:20:13.854+05:30 DEBUG 15728 --- [EUREKA_SERVER] [http-nio-8761-exec-8] c.n.d.util.DeserializerStringCache       : clearing global-level cache with size 0
2025-06-22T12:20:13.855+05:30 DEBUG 15728 --- [EUREKA_SERVER] [http-nio-8761-exec-8] c.n.d.util.DeserializerStringCache       : clearing app-level serialization cache with size 0
2025-06-22T12:20:13.855+05:30 DEBUG 15728 --- [EUREKA_SERVER] [http-nio-8761-exec-8] o.s.c.n.eureka.server.InstanceRegistry   : renewed INVENTORY-SERVICE, serverId DESKTOP-LA2D2ND.mshome.net:INVENTORY-SERVICE:8083, isReplication true
2025-06-22T12:20:13.858+05:30 DEBUG 15728 --- [EUREKA_SERVER] [TaskBatchingWorker-target_localhost-2] c.n.d.util.DeserializerStringCache       : clearing global-level cache with size 0
2025-06-22T12:20:13.858+05:30 DEBUG 15728 --- [EUREKA_SERVER] [TaskBatchingWorker-target_localhost-2] c.n.d.util.DeserializerStringCache       : clearing app-level serialization cache with size 0
2025-06-22T12:20:26.735+05:30  INFO 15728 --- [EUREKA_SERVER] [Eureka-EvictionTimer] c.n.e.registry.AbstractInstanceRegistry  : Running the evict task with compensationTime 0ms
2025-06-22T12:20:27.734+05:30 DEBUG 15728 --- [EUREKA_SERVER] [http-nio-8761-exec-10] c.n.d.util.DeserializerStringCache       : clearing global-level cache with size 2
2025-06-22T12:20:27.734+05:30 DEBUG 15728 --- [EUREKA_SERVER] [http-nio-8761-exec-10] c.n.d.util.DeserializerStringCache       : clearing app-level serialization cache with size 9
2025-06-22T12:20:27.734+05:30  INFO 15728 --- [EUREKA_SERVER] [http-nio-8761-exec-10] c.n.e.registry.AbstractInstanceRegistry  : Registered instance PAYMENT-SERVICE/DESKTOP-LA2D2ND.mshome.net:PAYMENT-SERVICE:8086 with status UP (replication=false)
2025-06-22T12:20:27.734+05:30 DEBUG 15728 --- [EUREKA_SERVER] [http-nio-8761-exec-10] o.s.c.n.eureka.server.InstanceRegistry   : registered PAYMENT-SERVICE, vip PAYMENT-SERVICE, leaseDuration 90, isReplication false
2025-06-22T12:20:28.245+05:30 DEBUG 15728 --- [EUREKA_SERVER] [http-nio-8761-exec-2] c.n.d.util.DeserializerStringCache       : clearing global-level cache with size 1
2025-06-22T12:20:28.245+05:30 DEBUG 15728 --- [EUREKA_SERVER] [http-nio-8761-exec-2] c.n.d.util.DeserializerStringCache       : clearing app-level serialization cache with size 9
2025-06-22T12:20:28.245+05:30  INFO 15728 --- [EUREKA_SERVER] [http-nio-8761-exec-2] c.n.e.registry.AbstractInstanceRegistry  : Registered instance PAYMENT-SERVICE/DESKTOP-LA2D2ND.mshome.net:PAYMENT-SERVICE:8086 with status UP (replication=true)
2025-06-22T12:20:28.245+05:30 DEBUG 15728 --- [EUREKA_SERVER] [http-nio-8761-exec-2] o.s.c.n.eureka.server.InstanceRegistry   : registered PAYMENT-SERVICE, vip PAYMENT-SERVICE, leaseDuration 90, isReplication true
2025-06-22T12:20:28.247+05:30 DEBUG 15728 --- [EUREKA_SERVER] [TaskBatchingWorker-target_localhost-5] c.n.d.util.DeserializerStringCache       : clearing global-level cache with size 0
2025-06-22T12:20:28.247+05:30 DEBUG 15728 --- [EUREKA_SERVER] [TaskBatchingWorker-target_localhost-5] c.n.d.util.DeserializerStringCache       : clearing app-level serialization cache with size 0
2025-06-22T12:20:33.251+05:30 DEBUG 15728 --- [EUREKA_SERVER] [http-nio-8761-exec-1] o.s.c.n.eureka.server.InstanceRegistry   : renewed ORDER-SERVICE, serverId DESKTOP-LA2D2ND.mshome.net:ORDER-SERVICE:8081, isReplication false
2025-06-22T12:20:33.768+05:30 DEBUG 15728 --- [EUREKA_SERVER] [http-nio-8761-exec-4] c.n.d.util.DeserializerStringCache       : clearing global-level cache with size 0
2025-06-22T12:20:33.768+05:30 DEBUG 15728 --- [EUREKA_SERVER] [http-nio-8761-exec-4] c.n.d.util.DeserializerStringCache       : clearing app-level serialization cache with size 0
2025-06-22T12:20:33.768+05:30 DEBUG 15728 --- [EUREKA_SERVER] [http-nio-8761-exec-4] o.s.c.n.eureka.server.InstanceRegistry   : renewed ORDER-SERVICE, serverId DESKTOP-LA2D2ND.mshome.net:ORDER-SERVICE:8081, isReplication true
2025-06-22T12:20:33.771+05:30 DEBUG 15728 --- [EUREKA_SERVER] [TaskBatchingWorker-target_localhost-15] c.n.d.util.DeserializerStringCache       : clearing global-level cache with size 0
2025-06-22T12:20:33.771+05:30 DEBUG 15728 --- [EUREKA_SERVER] [TaskBatchingWorker-target_localhost-15] c.n.d.util.DeserializerStringCache       : clearing app-level serialization cache with size 0
2025-06-22T12:20:43.352+05:30 DEBUG 15728 --- [EUREKA_SERVER] [http-nio-8761-exec-6] o.s.c.n.eureka.server.InstanceRegistry   : renewed INVENTORY-SERVICE, serverId DESKTOP-LA2D2ND.mshome.net:INVENTORY-SERVICE:8083, isReplication false
2025-06-22T12:20:43.858+05:30 DEBUG 15728 --- [EUREKA_SERVER] [http-nio-8761-exec-7] c.n.d.util.DeserializerStringCache       : clearing global-level cache with size 0
2025-06-22T12:20:43.858+05:30 DEBUG 15728 --- [EUREKA_SERVER] [http-nio-8761-exec-7] c.n.d.util.DeserializerStringCache       : clearing app-level serialization cache with size 0
2025-06-22T12:20:43.859+05:30 DEBUG 15728 --- [EUREKA_SERVER] [http-nio-8761-exec-7] o.s.c.n.eureka.server.InstanceRegistry   : renewed INVENTORY-SERVICE, serverId DESKTOP-LA2D2ND.mshome.net:INVENTORY-SERVICE:8083, isReplication true
2025-06-22T12:20:43.861+05:30 DEBUG 15728 --- [EUREKA_SERVER] [TaskBatchingWorker-target_localhost-2] c.n.d.util.DeserializerStringCache       : clearing global-level cache with size 0
2025-06-22T12:20:43.862+05:30 DEBUG 15728 --- [EUREKA_SERVER] [TaskBatchingWorker-target_localhost-2] c.n.d.util.DeserializerStringCache       : clearing app-level serialization cache with size 0
